warning: `_`-prefixed field `_count` has type `u32` which does not implement `Drop`
  --> $DIR/main.rs:7:5
   |
LL |     _count: u32,
   |     ^^^^^^^^^^^
   |
   = note: the `_` prefix is conventionally used to keep a value alive for its destructor; consider removing the prefix or the field
   = note: `#[warn(no_underscore_prefix_without_drop)]` on by default

warning: `_`-prefixed field `_flag` has type `bool` which does not implement `Drop`
  --> $DIR/main.rs:17:5
   |
LL |     _flag: bool,
   |     ^^^^^^^^^^^
   |
   = note: the `_` prefix is conventionally used to keep a value alive for its destructor; consider removing the prefix or the field

warning: `_`-prefixed field `_data` has type `std::vec::Vec<u8>` which does not implement `Drop`
  --> $DIR/main.rs:22:5
   |
LL |     _data: Vec<u8>,
   |     ^^^^^^^^^^^^^^
   |
   = note: the `_` prefix is conventionally used to keep a value alive for its destructor; consider removing the prefix or the field

warning: `_`-prefixed binding `_x` has type `i32` which does not implement `Drop`
  --> $DIR/main.rs:33:14
   |
LL | fn takes_int(_x: i32) {}
   |              ^^
   |
   = note: the `_` prefix is conventionally used to keep a value alive for its destructor; consider removing the prefix or the binding

warning: `_`-prefixed binding `_v` has type `std::vec::Vec<std::string::String>` which does not implement `Drop`
  --> $DIR/main.rs:36:14
   |
LL | fn takes_vec(_v: Vec<String>) {}
   |              ^^
   |
   = note: the `_` prefix is conventionally used to keep a value alive for its destructor; consider removing the prefix or the binding

warning: `_`-prefixed binding `_flag` has type `bool` which does not implement `Drop`
  --> $DIR/main.rs:44:15
   |
LL | fn takes_bool(_flag: bool) {}
   |               ^^^^^
   |
   = note: the `_` prefix is conventionally used to keep a value alive for its destructor; consider removing the prefix or the binding

warning: `_`-prefixed binding `_s` has type `std::string::String` which does not implement `Drop`
  --> $DIR/main.rs:50:17
   |
LL | fn takes_string(_s: String) {}
   |                 ^^
   |
   = note: the `_` prefix is conventionally used to keep a value alive for its destructor; consider removing the prefix or the binding

warning: `_`-prefixed binding `_val` has type `u64` which does not implement `Drop`
  --> $DIR/main.rs:56:24
   |
LL |     fn do_thing(&self, _val: u64) {
   |                        ^^^^
   |
   = note: the `_` prefix is conventionally used to keep a value alive for its destructor; consider removing the prefix or the binding

warning: `_`-prefixed binding `_buf` has type `std::vec::Vec<u8>` which does not implement `Drop`
  --> $DIR/main.rs:61:24
   |
LL |     fn with_buf(&self, _buf: Vec<u8>) {
   |                        ^^^^
   |
   = note: the `_` prefix is conventionally used to keep a value alive for its destructor; consider removing the prefix or the binding

warning: 9 warnings emitted

